CRITICAL - 2026-04-28 08:42:44 --> ArgumentCountError: Too few arguments to function App\Controllers\Shop::product(), 0 passed in C:\xampp\htdocs\ci-app\system\CodeIgniter.php on line 951 and exactly 1 expected
[Method: GET, Route: shop/product]
in APPPATH\Controllers\Shop.php on line 12.
 1 SYSTEMPATH\CodeIgniter.php(951): App\Controllers\Shop->product()
 2 SYSTEMPATH\CodeIgniter.php(497): CodeIgniter\CodeIgniter->runController(Object(App\Controllers\Shop))
 3 SYSTEMPATH\CodeIgniter.php(340): CodeIgniter\CodeIgniter->handleRequest(null, Object(Config\Cache), false)
 4 SYSTEMPATH\Boot.php(417): CodeIgniter\CodeIgniter->run()
 5 SYSTEMPATH\Boot.php(68): CodeIgniter\Boot::runCodeIgniter(Object(CodeIgniter\CodeIgniter))
 6 FCPATH\index.php(59): CodeIgniter\Boot::bootWeb(Object(Config\Paths))
CRITICAL - 2026-04-28 08:43:22 --> ArgumentCountError: Too few arguments to function App\Controllers\Shop::product(), 0 passed in C:\xampp\htdocs\ci-app\system\CodeIgniter.php on line 951 and exactly 1 expected
[Method: GET, Route: shop/product]
in APPPATH\Controllers\Shop.php on line 12.
 1 SYSTEMPATH\CodeIgniter.php(951): App\Controllers\Shop->product()
 2 SYSTEMPATH\CodeIgniter.php(497): CodeIgniter\CodeIgniter->runController(Object(App\Controllers\Shop))
 3 SYSTEMPATH\CodeIgniter.php(340): CodeIgniter\CodeIgniter->handleRequest(null, Object(Config\Cache), false)
 4 SYSTEMPATH\Boot.php(417): CodeIgniter\CodeIgniter->run()
 5 SYSTEMPATH\Boot.php(68): CodeIgniter\Boot::runCodeIgniter(Object(CodeIgniter\CodeIgniter))
 6 FCPATH\index.php(59): CodeIgniter\Boot::bootWeb(Object(Config\Paths))
CRITICAL - 2026-04-28 08:43:51 --> ArgumentCountError: Too few arguments to function App\Controllers\Shop::product(), 0 passed in C:\xampp\htdocs\ci-app\system\CodeIgniter.php on line 951 and exactly 1 expected
[Method: GET, Route: shop/product]
in APPPATH\Controllers\Shop.php on line 12.
 1 SYSTEMPATH\CodeIgniter.php(951): App\Controllers\Shop->product()
 2 SYSTEMPATH\CodeIgniter.php(497): CodeIgniter\CodeIgniter->runController(Object(App\Controllers\Shop))
 3 SYSTEMPATH\CodeIgniter.php(340): CodeIgniter\CodeIgniter->handleRequest(null, Object(Config\Cache), false)
 4 SYSTEMPATH\Boot.php(417): CodeIgniter\CodeIgniter->run()
 5 SYSTEMPATH\Boot.php(68): CodeIgniter\Boot::runCodeIgniter(Object(CodeIgniter\CodeIgniter))
 6 FCPATH\index.php(59): CodeIgniter\Boot::bootWeb(Object(Config\Paths))
CRITICAL - 2026-04-28 08:44:14 --> ArgumentCountError: Too few arguments to function App\Controllers\Shop::product(), 0 passed in C:\xampp\htdocs\ci-app\system\CodeIgniter.php on line 951 and exactly 1 expected
[Method: GET, Route: shop/product]
in APPPATH\Controllers\Shop.php on line 12.
 1 SYSTEMPATH\CodeIgniter.php(951): App\Controllers\Shop->product()
 2 SYSTEMPATH\CodeIgniter.php(497): CodeIgniter\CodeIgniter->runController(Object(App\Controllers\Shop))
 3 SYSTEMPATH\CodeIgniter.php(340): CodeIgniter\CodeIgniter->handleRequest(null, Object(Config\Cache), false)
 4 SYSTEMPATH\Boot.php(417): CodeIgniter\CodeIgniter->run()
 5 SYSTEMPATH\Boot.php(68): CodeIgniter\Boot::runCodeIgniter(Object(CodeIgniter\CodeIgniter))
 6 FCPATH\index.php(59): CodeIgniter\Boot::bootWeb(Object(Config\Paths))
CRITICAL - 2026-04-28 08:44:52 --> ArgumentCountError: Too few arguments to function App\Controllers\Shop::product(), 0 passed in C:\xampp\htdocs\ci-app\system\CodeIgniter.php on line 951 and exactly 1 expected
[Method: GET, Route: shop/product]
in APPPATH\Controllers\Shop.php on line 12.
 1 SYSTEMPATH\CodeIgniter.php(951): App\Controllers\Shop->product()
 2 SYSTEMPATH\CodeIgniter.php(497): CodeIgniter\CodeIgniter->runController(Object(App\Controllers\Shop))
 3 SYSTEMPATH\CodeIgniter.php(340): CodeIgniter\CodeIgniter->handleRequest(null, Object(Config\Cache), false)
 4 SYSTEMPATH\Boot.php(417): CodeIgniter\CodeIgniter->run()
 5 SYSTEMPATH\Boot.php(68): CodeIgniter\Boot::runCodeIgniter(Object(CodeIgniter\CodeIgniter))
 6 FCPATH\index.php(59): CodeIgniter\Boot::bootWeb(Object(Config\Paths))
CRITICAL - 2026-04-28 08:46:25 --> ArgumentCountError: Too few arguments to function App\Controllers\Shop::product(), 0 passed in C:\xampp\htdocs\ci-app\system\CodeIgniter.php on line 951 and exactly 1 expected
[Method: GET, Route: shop/product]
in APPPATH\Controllers\Shop.php on line 12.
 1 SYSTEMPATH\CodeIgniter.php(951): App\Controllers\Shop->product()
 2 SYSTEMPATH\CodeIgniter.php(497): CodeIgniter\CodeIgniter->runController(Object(App\Controllers\Shop))
 3 SYSTEMPATH\CodeIgniter.php(340): CodeIgniter\CodeIgniter->handleRequest(null, Object(Config\Cache), false)
 4 SYSTEMPATH\Boot.php(417): CodeIgniter\CodeIgniter->run()
 5 SYSTEMPATH\Boot.php(68): CodeIgniter\Boot::runCodeIgniter(Object(CodeIgniter\CodeIgniter))
 6 FCPATH\index.php(59): CodeIgniter\Boot::bootWeb(Object(Config\Paths))
CRITICAL - 2026-04-28 08:46:26 --> ArgumentCountError: Too few arguments to function App\Controllers\Shop::product(), 0 passed in C:\xampp\htdocs\ci-app\system\CodeIgniter.php on line 951 and exactly 1 expected
[Method: GET, Route: shop/product]
in APPPATH\Controllers\Shop.php on line 12.
 1 SYSTEMPATH\CodeIgniter.php(951): App\Controllers\Shop->product()
 2 SYSTEMPATH\CodeIgniter.php(497): CodeIgniter\CodeIgniter->runController(Object(App\Controllers\Shop))
 3 SYSTEMPATH\CodeIgniter.php(340): CodeIgniter\CodeIgniter->handleRequest(null, Object(Config\Cache), false)
 4 SYSTEMPATH\Boot.php(417): CodeIgniter\CodeIgniter->run()
 5 SYSTEMPATH\Boot.php(68): CodeIgniter\Boot::runCodeIgniter(Object(CodeIgniter\CodeIgniter))
 6 FCPATH\index.php(59): CodeIgniter\Boot::bootWeb(Object(Config\Paths))
CRITICAL - 2026-04-28 08:47:49 --> ArgumentCountError: Too few arguments to function App\Controllers\Shop::product(), 0 passed in C:\xampp\htdocs\ci-app\system\CodeIgniter.php on line 951 and exactly 1 expected
[Method: GET, Route: shop/product]
in APPPATH\Controllers\Shop.php on line 18.
 1 SYSTEMPATH\CodeIgniter.php(951): App\Controllers\Shop->product()
 2 SYSTEMPATH\CodeIgniter.php(497): CodeIgniter\CodeIgniter->runController(Object(App\Controllers\Shop))
 3 SYSTEMPATH\CodeIgniter.php(340): CodeIgniter\CodeIgniter->handleRequest(null, Object(Config\Cache), false)
 4 SYSTEMPATH\Boot.php(417): CodeIgniter\CodeIgniter->run()
 5 SYSTEMPATH\Boot.php(68): CodeIgniter\Boot::runCodeIgniter(Object(CodeIgniter\CodeIgniter))
 6 FCPATH\index.php(59): CodeIgniter\Boot::bootWeb(Object(Config\Paths))
CRITICAL - 2026-04-28 08:47:50 --> ArgumentCountError: Too few arguments to function App\Controllers\Shop::product(), 0 passed in C:\xampp\htdocs\ci-app\system\CodeIgniter.php on line 951 and exactly 1 expected
[Method: GET, Route: shop/product]
in APPPATH\Controllers\Shop.php on line 18.
 1 SYSTEMPATH\CodeIgniter.php(951): App\Controllers\Shop->product()
 2 SYSTEMPATH\CodeIgniter.php(497): CodeIgniter\CodeIgniter->runController(Object(App\Controllers\Shop))
 3 SYSTEMPATH\CodeIgniter.php(340): CodeIgniter\CodeIgniter->handleRequest(null, Object(Config\Cache), false)
 4 SYSTEMPATH\Boot.php(417): CodeIgniter\CodeIgniter->run()
 5 SYSTEMPATH\Boot.php(68): CodeIgniter\Boot::runCodeIgniter(Object(CodeIgniter\CodeIgniter))
 6 FCPATH\index.php(59): CodeIgniter\Boot::bootWeb(Object(Config\Paths))
CRITICAL - 2026-04-28 08:53:11 --> ArgumentCountError: Too few arguments to function App\Controllers\Shop::product(), 0 passed in C:\xampp\htdocs\ci-app\system\CodeIgniter.php on line 951 and exactly 1 expected
[Method: GET, Route: shop/product]
in APPPATH\Controllers\Shop.php on line 18.
 1 SYSTEMPATH\CodeIgniter.php(951): App\Controllers\Shop->product()
 2 SYSTEMPATH\CodeIgniter.php(497): CodeIgniter\CodeIgniter->runController(Object(App\Controllers\Shop))
 3 SYSTEMPATH\CodeIgniter.php(340): CodeIgniter\CodeIgniter->handleRequest(null, Object(Config\Cache), false)
 4 SYSTEMPATH\Boot.php(417): CodeIgniter\CodeIgniter->run()
 5 SYSTEMPATH\Boot.php(68): CodeIgniter\Boot::runCodeIgniter(Object(CodeIgniter\CodeIgniter))
 6 FCPATH\index.php(59): CodeIgniter\Boot::bootWeb(Object(Config\Paths))
